<?xml version="1.0" encoding="UTF-8"?>
<testng-results ignored="0" total="1" passed="1" failed="0" skipped="0">
  <reporter-output>
  </reporter-output>
  <suite started-at="2024-04-30T16:51:41 IST" name="Default suite" finished-at="2024-04-30T16:51:41 IST" duration-ms="82">
    <groups>
    </groups>
    <test started-at="2024-04-30T16:51:41 IST" name="Default test" finished-at="2024-04-30T16:51:41 IST" duration-ms="82">
      <class name="demoautomation1.Test_Ng_Demo">
        <test-method signature="testDataValidation()[pri:0, instance:demoautomation1.Test_Ng_Demo@7ba8c737]" started-at="2024-04-30T16:51:41 IST" name="testDataValidation" finished-at="2024-04-30T16:51:41 IST" duration-ms="22" status="PASS">
          <reporter-output>
          </reporter-output>
        </test-method> <!-- testDataValidation -->
      </class> <!-- demoautomation1.Test_Ng_Demo -->
    </test> <!-- Default test -->
  </suite> <!-- Default suite -->
</testng-results>
